<?xml version="1.0" encoding="UTF-8"?>
<!-- Generated by org.testng.reporters.JUnitReportReporter -->
<testsuite hostname="LAPTOP-DVP2HD4N" name="DevopsPractise.addressbook.NewTest1" tests="1" failures="0" timestamp="25 May 2020 08:02:02 GMT" time="55.085" errors="0">
  <testcase name="verifyURL" time="55.085" classname="DevopsPractise.addressbook.NewTest1"/>
</testsuite> <!-- DevopsPractise.addressbook.NewTest1 -->
